M_Mine/build/outputs/logs/manifest-merger-debug-report.txt
-- Merging decision tree log ---
manifest
ADDED from src\main\AndroidManifest.xml:2:1-30:12
INJECTED from src\main\AndroidManifest.xml:2:1-30:12
INJECTED from src\main\AndroidManifest.xml:2:1-30:12
INJECTED from src\main\AndroidManifest.xml:2:1-30:12
INJECTED from src\main\AndroidManifest.xml:2:1-30:12
INJECTED from src\main\AndroidManifest.xml:2:1-30:12
INJECTED from src\main\AndroidManifest.xml:2:1-30:12
	package
		ADDED from src\main\AndroidManifest.xml:3:5-30
		INJECTED from src\main\AndroidManifest.xml
		INJECTED from src\main\AndroidManifest.xml
	android:versionName
		INJECTED from src\main\AndroidManifest.xml
		ADDED from src\main\AndroidManifest.xml:2:1-30:12
		INJECTED from src\main\AndroidManifest.xml
	android:versionCode
		INJECTED from src\main\AndroidManifest.xml
		ADDED from src\main\AndroidManifest.xml:2:1-30:12
		INJECTED from src\main\AndroidManifest.xml
	xmlns:android
		ADDED from src\main\AndroidManifest.xml:2:11-69
application
ADDED from src\main\AndroidManifest.xml:5:5-29:19
activity#com.xuliucar.me.ui.activity.LoginActivity
ADDED from src\main\AndroidManifest.xml:7:9-16:20
	android:name
		ADDED from src\main\AndroidManifest.xml:7:19-60
intent-filter#action:name:android.intent.action.VIEW+category:name:android.intent.category.BROWSABLE+category:name:android.intent.category.DEFAULT+data:host:login+data:scheme:mine
ADDED from src\main\AndroidManifest.xml:8:13-15:29
data
ADDED from src\main\AndroidManifest.xml:9:17-11:45
	android:host
		ADDED from src\main\AndroidManifest.xml:10:21-41
	android:scheme
		ADDED from src\main\AndroidManifest.xml:11:21-42
category#android.intent.category.DEFAULT
ADDED from src\main\AndroidManifest.xml:12:17-76
	android:name
		ADDED from src\main\AndroidManifest.xml:12:27-73
action#android.intent.action.VIEW
ADDED from src\main\AndroidManifest.xml:13:17-69
	android:name
		ADDED from src\main\AndroidManifest.xml:13:25-66
category#android.intent.category.BROWSABLE
ADDED from src\main\AndroidManifest.xml:14:17-78
	android:name
		ADDED from src\main\AndroidManifest.xml:14:27-75
activity#com.xuliucar.me.ui.activity.RegActivity
ADDED from src\main\AndroidManifest.xml:18:9-27:20
	android:name
		ADDED from src\main\AndroidManifest.xml:18:19-58
intent-filter#action:name:android.intent.action.VIEW+category:name:android.intent.category.BROWSABLE+category:name:android.intent.category.DEFAULT+data:host:reg+data:scheme:mine
ADDED from src\main\AndroidManifest.xml:19:13-26:29
uses-sdk
INJECTED from src\main\AndroidManifest.xml reason: use-sdk injection requested
INJECTED from src\main\AndroidManifest.xml
INJECTED from src\main\AndroidManifest.xml
INJECTED from src\main\AndroidManifest.xml
INJECTED from src\main\AndroidManifest.xml
	android:targetSdkVersion
		INJECTED from src\main\AndroidManifest.xml
		ADDED from src\main\AndroidManifest.xml
		INJECTED from src\main\AndroidManifest.xml
	android:minSdkVersion
		INJECTED from src\main\AndroidManifest.xml
		ADDED from src\main\AndroidManifest.xml
		INJECTED from src\main\AndroidManifest.xml